<?xml version="1.0" encoding="UTF-8"?>
<testsuite xmlns:xsi="http://www.w3.org/2001/XMLSchema-instance" xsi:noNamespaceSchemaLocation="https://maven.apache.org/surefire/maven-surefire-plugin/xsd/surefire-test-report-3.0.xsd" version="3.0" name="User should be able to login using correct credentials" time="28.849" tests="1" errors="0" skipped="0" failures="0">
  <properties>
[...]
</properties>
  <testcase name="Positive login scenario" classname="User should be able to login using correct credentials" time="28.849">
    <system-out><![CDATA[
@login @positiveLogin
Scenario: Positive login scenario                     &amp#27;[90m# src/test/resources/features/login.feature:8&amp#27;[0m
Unable to load project configuration files
  &amp#27;[32mGiven &amp#27;[0m&amp#27;[32mNavigate to main page&amp#27;[0m                         &amp#27;[90m# com.wentsy.stepDefinitions.LoginStepDefinitions.navigateToMainPage()&amp#27;[0m
  &amp#27;[32mWhen &amp#27;[0m&amp#27;[32mClick to &amp#27;[0m&amp#27;[32m&amp#27;[1m"Log In"&amp#27;[0m&amp#27;[32m button&amp#27;[0m                       &amp#27;[90m# com.wentsy.stepDefinitions.GeneralStepDefinitions.clickToButton(java.lang.String)&amp#27;[0m
  &amp#27;[32mAnd &amp#27;[0m&amp#27;[32mClick to &amp#27;[0m&amp#27;[32m&amp#27;[1m"User Log In"&amp#27;[0m&amp#27;[32m button&amp#27;[0m                   &amp#27;[90m# com.wentsy.stepDefinitions.GeneralStepDefinitions.clickToButton(java.lang.String)&amp#27;[0m
  &amp#27;[32mThen &amp#27;[0m&amp#27;[32mVerify to &amp#27;[0m&amp#27;[32m&amp#27;[1m"Welkom bij Wentsy.com"&amp#27;[0m&amp#27;[32m message&amp#27;[0m      &amp#27;[90m# com.wentsy.stepDefinitions.GeneralStepDefinitions.verifyToMessage(java.lang.String)&amp#27;[0m
  &amp#27;[32mWhen &amp#27;[0m&amp#27;[32mLogin to application with valid credentials&amp#27;[0m    &amp#27;[90m# com.wentsy.stepDefinitions.LoginStepDefinitions.loginToApplicationWithValidCredentials()&amp#27;[0m
  &amp#27;[32mThen &amp#27;[0m&amp#27;[32mVerify username &amp#27;[0m&amp#27;[32m&amp#27;[1m"Hello, New User"&amp#27;[0m&amp#27;[32m is displayed&amp#27;[0m &amp#27;[90m# com.wentsy.stepDefinitions.LoginStepDefinitions.verifyUsernameIsDisplayed(java.lang.String)&amp#27;[0m
]]></system-out>
    <system-err><![CDATA[Starting ChromeDriver 106.0.5249.61 (511755355844955cd3e264779baf0dd38212a4d0-refs/branch-heads/5249@{#569}) on port 49657
Only local connections are allowed.
Please see https://chromedriver.chromium.org/security-considerations for suggestions on keeping ChromeDriver safe.
ChromeDriver was started successfully.
Oct 14, 2022 11:06:54 PM org.openqa.selenium.remote.ProtocolHandshake createSession
INFO: Detected upstream dialect: W3C
Oct 14, 2022 11:06:55 PM org.openqa.selenium.devtools.CdpVersionFinder findNearestMatch
WARNING: Unable to find an exact match for CDP version 106, so returning the closest version found: 104
Oct 14, 2022 11:06:55 PM org.openqa.selenium.devtools.CdpVersionFinder findNearestMatch
INFO: Found CDP implementation for version 106 of 104
]]></system-err>
  </testcase>
</testsuite>